[4(4.11->4.33->4.99)->6(6.15->6.88)->9(9.2->9.3)->10(10.1)]
[4(4.11->4.33->4.99)->6(6.15->6.88)->10(10.1->10.9)]
[1(1.1->1.4)->8(8.9->8.9)->9()]
[4(4.11->4.33->4.99)->7()->10(10.1->10.9)]
[1(1.1->1.4)->8(8.9->8.9)->9()]
[5()->7(7.17)->9()]
[2(2.22)->6(6.15->6.88)->8(8.88)]
[3(3.21)->5()->6(6.54)]
[2(2.46)->4(4.56)->6()]
[3(3.33)->4(4.44)->7(7.77)]
[1(1.1->1.23)->5()->7(7.89)]
[2(2.1)->6()->9()]
[1()->3()->8()]
[2(2.46)->6()->7()]
[2(2.34)->5()->8(8.76)]
[3(3.14)->4()->9()]
[1(1.11)->6()->8()]
[2(2.34)->3()->7(7.89)]
[1(1.1)->4()->5(5.1)]
[3()->6(6.15->6.88)->9(9.2->9.3)]
[4(4.44)->5()->8()]
[1(1.1->1.4)->7(7.3)->9()]
[1(1.23)->6()->8(8.79)]
[2(2.65)->4()->9()]
[3()->5()->7()]
[3()->4()->9()]
[1(1.4->1.4->1.4->1.7->1.8->1.9)->3(3.1->3.2->3.6->3.6->3.9->3.9)->8(8.1->8.1->8.2->8.3->8.6)]
